<?xml version="1.0" encoding="UTF-8"?>
<testng-results skipped="0" failed="0" ignored="0" total="1" passed="1">
  <reporter-output>
  </reporter-output>
  <suite name="Default suite" duration-ms="54" started-at="2019-06-01T21:20:49Z" finished-at="2019-06-01T21:20:49Z">
    <groups>
    </groups>
    <test name="Default test" duration-ms="54" started-at="2019-06-01T21:20:49Z" finished-at="2019-06-01T21:20:49Z">
      <class name="com.paru.parul.AppTest">
        <test-method status="PASS" signature="peru()[pri:0, instance:com.paru.parul.AppTest@cc285f4]" name="peru" duration-ms="14" started-at="2019-06-01T21:20:49Z" finished-at="2019-06-01T21:20:49Z">
          <reporter-output>
          </reporter-output>
        </test-method> <!-- peru -->
      </class> <!-- com.paru.parul.AppTest -->
    </test> <!-- Default test -->
  </suite> <!-- Default suite -->
</testng-results>
